[debug] [2020-05-23T06:06:57.703Z] ----------------------------------------------------------------------
[debug] [2020-05-23T06:06:57.705Z] Command:       /usr/local/bin/node /usr/local/bin/firebase serve --only hosting
[debug] [2020-05-23T06:06:57.705Z] CLI Version:   8.3.0
[debug] [2020-05-23T06:06:57.705Z] Platform:      linux
[debug] [2020-05-23T06:06:57.705Z] Node Version:  v13.12.0
[debug] [2020-05-23T06:06:57.706Z] Time:          Sat May 23 2020 15:06:57 GMT+0900 (Japan Standard Time)
[debug] [2020-05-23T06:06:57.706Z] ----------------------------------------------------------------------
[debug] [2020-05-23T06:06:57.707Z] 
[debug] [2020-05-23T06:06:57.723Z] > command requires scopes: ["email","openid","https://www.googleapis.com/auth/cloudplatformprojects.readonly","https://www.googleapis.com/auth/firebase","https://www.googleapis.com/auth/cloud-platform"]
[debug] [2020-05-23T06:06:57.723Z] > authorizing via signed-in user
[debug] [2020-05-23T06:06:57.724Z] [iam] checking project rss-synthesis for permissions ["firebase.projects.get"]
[debug] [2020-05-23T06:06:57.726Z] >>> HTTP REQUEST POST https://cloudresourcemanager.googleapis.com/v1/projects/rss-synthesis:testIamPermissions  
 {"permissions":["firebase.projects.get"]}
[debug] [2020-05-23T06:06:58.588Z] <<< HTTP RESPONSE 200 {"content-type":"application/json; charset=UTF-8","vary":"X-Origin, Referer, Origin,Accept-Encoding","date":"Sat, 23 May 2020 06:06:58 GMT","server":"ESF","cache-control":"private","x-xss-protection":"0","x-frame-options":"SAMEORIGIN","x-content-type-options":"nosniff","server-timing":"gfet4t7; dur=150","alt-svc":"h3-27=\":443\"; ma=2592000,h3-25=\":443\"; ma=2592000,h3-T050=\":443\"; ma=2592000,h3-Q050=\":443\"; ma=2592000,h3-Q049=\":443\"; ma=2592000,h3-Q048=\":443\"; ma=2592000,h3-Q046=\":443\"; ma=2592000,h3-Q043=\":443\"; ma=2592000,quic=\":443\"; ma=2592000; v=\"46,43\"","accept-ranges":"none","transfer-encoding":"chunked"}
[debug] [2020-05-23T06:06:58.592Z] >>> HTTP REQUEST GET https://firebase.googleapis.com/v1beta1/projects/rss-synthesis  
 
[debug] [2020-05-23T06:07:04.454Z] <<< HTTP RESPONSE 200 {"content-type":"application/json; charset=UTF-8","vary":"X-Origin, Referer, Origin,Accept-Encoding","date":"Sat, 23 May 2020 06:07:04 GMT","server":"ESF","cache-control":"private","x-xss-protection":"0","x-frame-options":"SAMEORIGIN","x-content-type-options":"nosniff","alt-svc":"h3-27=\":443\"; ma=2592000,h3-25=\":443\"; ma=2592000,h3-T050=\":443\"; ma=2592000,h3-Q050=\":443\"; ma=2592000,h3-Q049=\":443\"; ma=2592000,h3-Q048=\":443\"; ma=2592000,h3-Q046=\":443\"; ma=2592000,h3-Q043=\":443\"; ma=2592000,quic=\":443\"; ma=2592000; v=\"46,43\"","accept-ranges":"none","transfer-encoding":"chunked"}
[debug] [2020-05-23T06:07:04.458Z] >>> HTTP REQUEST GET https://firebase.googleapis.com/v1beta1/projects/rss-synthesis/webApps/-/config  
 
[debug] [2020-05-23T06:07:05.497Z] <<< HTTP RESPONSE 200 {"content-type":"application/json; charset=UTF-8","vary":"X-Origin, Referer, Origin,Accept-Encoding","date":"Sat, 23 May 2020 06:07:05 GMT","server":"ESF","cache-control":"private","x-xss-protection":"0","x-frame-options":"SAMEORIGIN","x-content-type-options":"nosniff","alt-svc":"h3-27=\":443\"; ma=2592000,h3-25=\":443\"; ma=2592000,h3-T050=\":443\"; ma=2592000,h3-Q050=\":443\"; ma=2592000,h3-Q049=\":443\"; ma=2592000,h3-Q048=\":443\"; ma=2592000,h3-Q046=\":443\"; ma=2592000,h3-Q043=\":443\"; ma=2592000,quic=\":443\"; ma=2592000; v=\"46,43\"","accept-ranges":"none","transfer-encoding":"chunked"}
[info] i  hosting: Serving hosting files from: dist {"metadata":{"emulator":{"name":"hosting"},"message":"Serving hosting files from: \u001b[1mdist\u001b[22m"}}
[info] ✔  hosting: Local server: http://localhost:5000 {"metadata":{"emulator":{"name":"hosting"},"message":"Local server: \u001b[4m\u001b[1mhttp://localhost:5000\u001b[22m\u001b[24m"}}
